<?xml version="1.0" encoding="UTF-8"?>
<testsuites>
  <testsuite name="employer_can_create_a_public_talent_pool1" timestamp="2018-02-17T00:50:38" time="43.469" tests="0" failures="0" errors="0" skipped="0">
    <properties>
      <property name="specId" value="5b573ee3d3c6f34f97979572b1afb90f"/>
      <property name="suiteName" value="Employer can create a public talent pool1"/>
      <property name="capabilities" value="chrome"/>
    </properties>
  </testsuite>
  <testsuite name="performing_login_operation_with_passing_test_data_as_data_table13" timestamp="2018-02-17T00:50:38" time="23.841" tests="3" failures="0" errors="1" skipped="1">
    <properties>
      <property name="specId" value="5b573ee3d3c6f34f97979572b1afb90f"/>
      <property name="suiteName" value="Performing login operation with passing test data as data table13"/>
      <property name="capabilities" value="chrome"/>
    </properties>
    <testcase classname="chrome.Performing login operation with passing test data as data table13" name="I am on the workmarket login page5" time="43.666"/>
    <testcase classname="chrome.Performing login operation with passing test data as data table13" name="I login with username and password &quot;qa+e@workmarket.com&quot; &quot;w0rkmarket12&quot; into the text box8" time="27.942">
      <error message="&#xA;isLogin is not defined&#xA;"/>
      <system-err>
        <![CDATA[
ReferenceError: isLogin is not defined
    at loginPage.checkLogin (/Users/anamikasharma/SampleProject/webdriverIO-with-cucumber/test/pageobjects/page.js:10:5)
    at loginPage.login (/Users/anamikasharma/SampleProject/webdriverIO-with-cucumber/test/pageobjects/WM-Employerlogin.page.js:52:7)
    at World.<anonymous> (/Users/anamikasharma/SampleProject/webdriverIO-with-cucumber/test/stepDefinitions/when.js:21:15)
    at new Promise (<anonymous>)
    at new F (/Users/anamikasharma/SampleProject/webdriverIO-with-cucumber/node_modules/core-js/library/modules/_export.js:35:28)
]]>
      </system-err>
    </testcase>
    <testcase classname="chrome.Performing login operation with passing test data as data table13" name="I should see the message &quot;Find Talent&quot; on my home page9" time="0">
      <skipped/>
    </testcase>
  </testsuite>
  <testsuite name="employer_can_create_a_public_talent_pool16" timestamp="2018-02-17T00:51:02" time="19.625" tests="6" failures="0" errors="3" skipped="0">
    <properties>
      <property name="specId" value="5b573ee3d3c6f34f97979572b1afb90f"/>
      <property name="suiteName" value="Employer can create a public talent pool16"/>
      <property name="capabilities" value="chrome"/>
    </properties>
    <testcase classname="chrome.Employer can create a public talent pool16" name="I am on the workmarket login page5" time="19.825"/>
    <testcase classname="chrome.Employer can create a public talent pool16" name="I am on home page17" time="16.124"/>
    <testcase classname="chrome.Employer can create a public talent pool16" name="employer click on Talent pool link under talent18" time="12.518"/>
    <testcase classname="chrome.Employer can create a public talent pool16" name="click on Create talent pool button19" time="9.746">
      <error message="&#xA;An element could not be located on the page using the given search parameters (&quot;//form//div[1]//div[1]//div[1]//div[1]//div[3]//svg&quot;).&#xA;"/>
      <system-err>
        <![CDATA[
Error: An element could not be located on the page using the given search parameters ("//form//div[1]//div[1]//div[1]//div[1]//div[3]//svg").
    at click() - index.js:316:3
]]>
      </system-err>
    </testcase>
    <testcase classname="chrome.Employer can create a public talent pool16" name="click on create talent pool button after filling the required text fields20" time="0.202">
      <error message="&#xA;Step &quot;click on create talent pool button after filling the required text fields&quot; is not defined. You can ignore this error by setting&#xA;                              cucumberOpts.ignoreUndefinedDefinitions as true.&#xA;"/>
      <system-err>
        <![CDATA[
/Users/anamikasharma/SampleProject/webdriverIO-with-cucumber/test/features/WM-EmployerTalentPool.feature:20
]]>
      </system-err>
    </testcase>
    <testcase classname="chrome.Employer can create a public talent pool16" name="public talent pool created21" time="0.202">
      <error message="&#xA;Step &quot;public talent pool created&quot; is not defined. You can ignore this error by setting&#xA;                              cucumberOpts.ignoreUndefinedDefinitions as true.&#xA;"/>
      <system-err>
        <![CDATA[
/Users/anamikasharma/SampleProject/webdriverIO-with-cucumber/test/features/WM-EmployerTalentPool.feature:21
]]>
      </system-err>
    </testcase>
  </testsuite>
</testsuites>